2016-03-07 00:24:17.504 25251 LOG File descriptor limit: 65536 (H:65536), max_client_conn: 300, max fds possible: 510
2016-03-07 00:24:17.504 25251 LOG listening on 127.0.0.1:6543
2016-03-07 00:24:17.504 25251 LOG listening on unix:/tmp/.s.PGSQL.6543
2016-03-07 00:24:17.504 25251 LOG process up: pgbouncer 1.6.1, libevent 2.0.16-stable (epoll), adns: evdns2
2016-03-07 00:24:19.122 25251 LOG Got SIGHUP re-reading config
2016-03-07 00:25:17.505 25251 LOG Stats: 0 req/s, in 0 b/s, out 0 b/s,query 0 us
2016-03-07 00:25:26.805 25251 LOG C-0xf1ec90: minapp/minuser@127.0.0.1:42291 login attempt: db=minapp user=minuser
2016-03-07 00:25:26.805 25251 LOG S-0xf3c640: minapp/minuser@127.0.0.1:5432 new connection to server (from 127.0.0.1:49654)
2016-03-07 00:26:17.506 25251 LOG Stats: 0 req/s, in 362 b/s, out 11446 b/s,query 174346 us
2016-03-07 00:27:17.507 25251 LOG Stats: 0 req/s, in 118 b/s, out 3811 b/s,query 87329 us
2016-03-07 00:28:17.507 25251 LOG Stats: 0 req/s, in 0 b/s, out 0 b/s,query 0 us
2016-03-07 00:29:17.508 25251 LOG Stats: 0 req/s, in 0 b/s, out 0 b/s,query 0 us
2016-03-07 00:30:17.509 25251 LOG Stats: 0 req/s, in 0 b/s, out 0 b/s,query 0 us
2016-03-07 00:31:17.510 25251 LOG Stats: 0 req/s, in 0 b/s, out 0 b/s,query 0 us
2016-03-07 00:32:17.511 25251 LOG Stats: 0 req/s, in 0 b/s, out 0 b/s,query 0 us
2016-03-07 00:33:17.512 25251 LOG Stats: 0 req/s, in 0 b/s, out 0 b/s,query 0 us
2016-03-07 00:34:17.513 25251 LOG Stats: 0 req/s, in 0 b/s, out 0 b/s,query 0 us
2016-03-07 00:35:17.514 25251 LOG Stats: 0 req/s, in 0 b/s, out 0 b/s,query 0 us
2016-03-07 00:36:17.514 25251 LOG Stats: 0 req/s, in 0 b/s, out 0 b/s,query 0 us
2016-03-07 00:37:17.515 25251 LOG Stats: 0 req/s, in 0 b/s, out 0 b/s,query 0 us
2016-03-07 00:38:17.516 25251 LOG Stats: 0 req/s, in 0 b/s, out 0 b/s,query 0 us
2016-03-07 00:39:17.516 25251 LOG Stats: 0 req/s, in 0 b/s, out 0 b/s,query 0 us
2016-03-07 00:40:17.517 25251 LOG Stats: 0 req/s, in 0 b/s, out 0 b/s,query 0 us
2016-03-07 00:41:17.518 25251 LOG Stats: 0 req/s, in 0 b/s, out 0 b/s,query 0 us
2016-03-07 00:42:17.519 25251 LOG Stats: 0 req/s, in 0 b/s, out 0 b/s,query 0 us
2016-03-07 00:43:17.520 25251 LOG Stats: 0 req/s, in 0 b/s, out 0 b/s,query 0 us
2016-03-07 00:44:17.521 25251 LOG Stats: 0 req/s, in 0 b/s, out 0 b/s,query 0 us
2016-03-07 00:45:17.521 25251 LOG Stats: 0 req/s, in 0 b/s, out 0 b/s,query 0 us
2016-03-07 00:46:17.521 25251 LOG Stats: 0 req/s, in 0 b/s, out 0 b/s,query 0 us
2016-03-07 00:47:17.522 25251 LOG Stats: 0 req/s, in 0 b/s, out 0 b/s,query 0 us
2016-03-07 00:48:17.523 25251 LOG Stats: 0 req/s, in 0 b/s, out 0 b/s,query 0 us
2016-03-07 00:49:17.524 25251 LOG Stats: 0 req/s, in 0 b/s, out 0 b/s,query 0 us
2016-03-07 00:50:17.525 25251 LOG Stats: 0 req/s, in 0 b/s, out 0 b/s,query 0 us
2016-03-07 00:51:17.526 25251 LOG Stats: 0 req/s, in 0 b/s, out 0 b/s,query 0 us
2016-03-07 00:52:17.527 25251 LOG Stats: 0 req/s, in 0 b/s, out 0 b/s,query 0 us
2016-03-07 00:53:17.527 25251 LOG Stats: 0 req/s, in 0 b/s, out 0 b/s,query 0 us
2016-03-07 00:54:17.528 25251 LOG Stats: 0 req/s, in 0 b/s, out 0 b/s,query 0 us
2016-03-07 00:55:17.529 25251 LOG Stats: 0 req/s, in 0 b/s, out 0 b/s,query 0 us
2016-03-07 00:56:17.530 25251 LOG Stats: 0 req/s, in 0 b/s, out 0 b/s,query 0 us
2016-03-07 00:57:17.530 25251 LOG Stats: 0 req/s, in 0 b/s, out 0 b/s,query 0 us
2016-03-07 00:58:17.531 25251 LOG Stats: 0 req/s, in 0 b/s, out 0 b/s,query 0 us
2016-03-07 00:59:17.532 25251 LOG Stats: 0 req/s, in 0 b/s, out 0 b/s,query 0 us
2016-03-07 01:00:17.532 25251 LOG Stats: 0 req/s, in 0 b/s, out 0 b/s,query 0 us
2016-03-07 01:01:17.533 25251 LOG Stats: 0 req/s, in 0 b/s, out 0 b/s,query 0 us
2016-03-07 01:02:17.534 25251 LOG Stats: 0 req/s, in 0 b/s, out 0 b/s,query 0 us
2016-03-07 01:03:17.535 25251 LOG Stats: 0 req/s, in 0 b/s, out 0 b/s,query 0 us
2016-03-07 01:04:17.535 25251 LOG Stats: 0 req/s, in 0 b/s, out 0 b/s,query 0 us
2016-03-07 01:05:17.536 25251 LOG Stats: 0 req/s, in 0 b/s, out 0 b/s,query 0 us
2016-03-07 01:06:17.537 25251 LOG Stats: 0 req/s, in 0 b/s, out 0 b/s,query 0 us
2016-03-07 01:07:17.538 25251 LOG Stats: 0 req/s, in 0 b/s, out 0 b/s,query 0 us
2016-03-07 01:08:17.539 25251 LOG Stats: 0 req/s, in 0 b/s, out 0 b/s,query 0 us
2016-03-07 01:09:17.540 25251 LOG Stats: 0 req/s, in 0 b/s, out 0 b/s,query 0 us
2016-03-07 01:10:17.541 25251 LOG Stats: 0 req/s, in 0 b/s, out 0 b/s,query 0 us
2016-03-07 01:11:17.541 25251 LOG Stats: 0 req/s, in 0 b/s, out 0 b/s,query 0 us
2016-03-07 01:12:17.542 25251 LOG Stats: 0 req/s, in 0 b/s, out 0 b/s,query 0 us
2016-03-07 01:13:17.543 25251 LOG Stats: 0 req/s, in 0 b/s, out 0 b/s,query 0 us
2016-03-07 01:14:17.544 25251 LOG Stats: 0 req/s, in 0 b/s, out 0 b/s,query 0 us
2016-03-07 01:15:17.544 25251 LOG Stats: 0 req/s, in 0 b/s, out 0 b/s,query 0 us
2016-03-07 01:16:17.545 25251 LOG Stats: 0 req/s, in 0 b/s, out 0 b/s,query 0 us
2016-03-07 01:17:17.546 25251 LOG Stats: 0 req/s, in 0 b/s, out 0 b/s,query 0 us
2016-03-07 01:18:17.547 25251 LOG Stats: 0 req/s, in 0 b/s, out 0 b/s,query 0 us
2016-03-07 01:19:17.547 25251 LOG Stats: 0 req/s, in 0 b/s, out 0 b/s,query 0 us
2016-03-07 01:20:17.548 25251 LOG Stats: 0 req/s, in 0 b/s, out 0 b/s,query 0 us
2016-03-07 01:21:17.549 25251 LOG Stats: 0 req/s, in 0 b/s, out 0 b/s,query 0 us
2016-03-07 01:22:17.550 25251 LOG Stats: 0 req/s, in 0 b/s, out 0 b/s,query 0 us
2016-03-07 01:23:17.550 25251 LOG Stats: 0 req/s, in 0 b/s, out 0 b/s,query 0 us
2016-03-07 01:24:17.551 25251 LOG Stats: 0 req/s, in 0 b/s, out 0 b/s,query 0 us
2016-03-07 01:25:17.551 25251 LOG Stats: 0 req/s, in 0 b/s, out 0 b/s,query 0 us
2016-03-07 01:26:17.552 25251 LOG Stats: 0 req/s, in 0 b/s, out 0 b/s,query 0 us
2016-03-07 01:27:17.552 25251 LOG Stats: 0 req/s, in 0 b/s, out 0 b/s,query 0 us
2016-03-07 01:28:17.554 25251 LOG Stats: 0 req/s, in 0 b/s, out 0 b/s,query 0 us
2016-03-07 01:29:17.554 25251 LOG Stats: 0 req/s, in 0 b/s, out 0 b/s,query 0 us
2016-03-07 01:30:17.555 25251 LOG Stats: 0 req/s, in 0 b/s, out 0 b/s,query 0 us
2016-03-07 01:31:17.555 25251 LOG Stats: 0 req/s, in 0 b/s, out 0 b/s,query 0 us
2016-03-07 01:32:17.556 25251 LOG Stats: 0 req/s, in 0 b/s, out 0 b/s,query 0 us
2016-03-07 01:33:17.556 25251 LOG Stats: 0 req/s, in 0 b/s, out 0 b/s,query 0 us
2016-03-07 01:34:17.557 25251 LOG Stats: 0 req/s, in 0 b/s, out 0 b/s,query 0 us
2016-03-07 01:35:17.557 25251 LOG Stats: 0 req/s, in 0 b/s, out 0 b/s,query 0 us
2016-03-07 01:36:17.559 25251 LOG Stats: 0 req/s, in 0 b/s, out 0 b/s,query 0 us
2016-03-07 01:37:17.559 25251 LOG Stats: 0 req/s, in 0 b/s, out 0 b/s,query 0 us
2016-03-07 01:38:17.560 25251 LOG Stats: 0 req/s, in 0 b/s, out 0 b/s,query 0 us
2016-03-07 01:39:17.561 25251 LOG Stats: 0 req/s, in 0 b/s, out 0 b/s,query 0 us
2016-03-07 01:40:17.561 25251 LOG Stats: 0 req/s, in 0 b/s, out 0 b/s,query 0 us
2016-03-07 01:41:17.561 25251 LOG Stats: 0 req/s, in 0 b/s, out 0 b/s,query 0 us
2016-03-07 01:42:17.562 25251 LOG Stats: 0 req/s, in 0 b/s, out 0 b/s,query 0 us
2016-03-07 01:43:17.563 25251 LOG Stats: 0 req/s, in 0 b/s, out 0 b/s,query 0 us
2016-03-07 01:44:17.564 25251 LOG Stats: 0 req/s, in 0 b/s, out 0 b/s,query 0 us
2016-03-07 01:45:17.565 25251 LOG Stats: 0 req/s, in 0 b/s, out 0 b/s,query 0 us
2016-03-07 01:46:17.567 25251 LOG Stats: 0 req/s, in 0 b/s, out 0 b/s,query 0 us
2016-03-07 01:47:17.567 25251 LOG Stats: 0 req/s, in 0 b/s, out 0 b/s,query 0 us
2016-03-07 01:48:17.568 25251 LOG Stats: 0 req/s, in 0 b/s, out 0 b/s,query 0 us
2016-03-07 01:49:17.569 25251 LOG Stats: 0 req/s, in 0 b/s, out 0 b/s,query 0 us
2016-03-07 01:50:17.570 25251 LOG Stats: 0 req/s, in 0 b/s, out 0 b/s,query 0 us
2016-03-07 01:51:17.570 25251 LOG Stats: 0 req/s, in 0 b/s, out 0 b/s,query 0 us
2016-03-07 01:52:17.570 25251 LOG Stats: 0 req/s, in 0 b/s, out 0 b/s,query 0 us
2016-03-07 01:53:17.571 25251 LOG Stats: 0 req/s, in 0 b/s, out 0 b/s,query 0 us
2016-03-07 01:54:17.571 25251 LOG Stats: 0 req/s, in 0 b/s, out 0 b/s,query 0 us
2016-03-07 01:55:17.572 25251 LOG Stats: 0 req/s, in 0 b/s, out 0 b/s,query 0 us
2016-03-07 01:56:17.573 25251 LOG Stats: 0 req/s, in 0 b/s, out 0 b/s,query 0 us
2016-03-07 01:57:17.574 25251 LOG Stats: 0 req/s, in 0 b/s, out 0 b/s,query 0 us
2016-03-07 01:58:17.575 25251 LOG Stats: 0 req/s, in 0 b/s, out 0 b/s,query 0 us
2016-03-07 01:59:17.576 25251 LOG Stats: 0 req/s, in 0 b/s, out 0 b/s,query 0 us
2016-03-07 02:00:17.576 25251 LOG Stats: 0 req/s, in 0 b/s, out 0 b/s,query 0 us
2016-03-07 02:01:17.577 25251 LOG Stats: 0 req/s, in 0 b/s, out 0 b/s,query 0 us
2016-03-07 02:02:17.577 25251 LOG Stats: 0 req/s, in 0 b/s, out 0 b/s,query 0 us
2016-03-07 02:03:17.578 25251 LOG Stats: 0 req/s, in 0 b/s, out 0 b/s,query 0 us
2016-03-07 02:04:17.579 25251 LOG Stats: 0 req/s, in 0 b/s, out 0 b/s,query 0 us
2016-03-07 02:05:17.579 25251 LOG Stats: 0 req/s, in 0 b/s, out 0 b/s,query 0 us
2016-03-07 02:06:17.580 25251 LOG Stats: 0 req/s, in 0 b/s, out 0 b/s,query 0 us
2016-03-07 02:07:17.581 25251 LOG Stats: 0 req/s, in 0 b/s, out 0 b/s,query 0 us
2016-03-07 02:08:17.582 25251 LOG Stats: 0 req/s, in 0 b/s, out 0 b/s,query 0 us
2016-03-07 02:09:17.583 25251 LOG Stats: 0 req/s, in 0 b/s, out 0 b/s,query 0 us
2016-03-07 02:10:17.584 25251 LOG Stats: 0 req/s, in 0 b/s, out 0 b/s,query 0 us
2016-03-07 02:11:17.584 25251 LOG Stats: 0 req/s, in 0 b/s, out 0 b/s,query 0 us
2016-03-07 02:12:17.584 25251 LOG Stats: 0 req/s, in 0 b/s, out 0 b/s,query 0 us
2016-03-07 02:13:17.585 25251 LOG Stats: 0 req/s, in 0 b/s, out 0 b/s,query 0 us
2016-03-07 02:14:17.585 25251 LOG Stats: 0 req/s, in 0 b/s, out 0 b/s,query 0 us
2016-03-07 02:15:17.587 25251 LOG Stats: 0 req/s, in 0 b/s, out 0 b/s,query 0 us
2016-03-07 02:16:17.587 25251 LOG Stats: 0 req/s, in 0 b/s, out 0 b/s,query 0 us
2016-03-07 02:17:17.587 25251 LOG Stats: 0 req/s, in 0 b/s, out 0 b/s,query 0 us
2016-03-07 02:18:17.588 25251 LOG Stats: 0 req/s, in 0 b/s, out 0 b/s,query 0 us
2016-03-07 02:19:17.589 25251 LOG Stats: 0 req/s, in 0 b/s, out 0 b/s,query 0 us
2016-03-07 02:20:17.589 25251 LOG Stats: 0 req/s, in 0 b/s, out 0 b/s,query 0 us
2016-03-07 02:21:17.590 25251 LOG Stats: 0 req/s, in 0 b/s, out 0 b/s,query 0 us
2016-03-07 02:22:17.591 25251 LOG Stats: 0 req/s, in 0 b/s, out 0 b/s,query 0 us
2016-03-07 02:23:17.592 25251 LOG Stats: 0 req/s, in 0 b/s, out 0 b/s,query 0 us
2016-03-07 02:24:17.593 25251 LOG Stats: 0 req/s, in 0 b/s, out 0 b/s,query 0 us
2016-03-07 02:25:17.593 25251 LOG Stats: 0 req/s, in 0 b/s, out 0 b/s,query 0 us
2016-03-07 02:26:17.594 25251 LOG Stats: 0 req/s, in 0 b/s, out 0 b/s,query 0 us
2016-03-07 02:27:17.595 25251 LOG Stats: 0 req/s, in 0 b/s, out 0 b/s,query 0 us
2016-03-07 02:28:17.596 25251 LOG Stats: 0 req/s, in 0 b/s, out 0 b/s,query 0 us
2016-03-07 02:29:17.597 25251 LOG Stats: 0 req/s, in 0 b/s, out 0 b/s,query 0 us
2016-03-07 02:30:17.597 25251 LOG Stats: 0 req/s, in 0 b/s, out 0 b/s,query 0 us
2016-03-07 02:31:17.597 25251 LOG Stats: 0 req/s, in 0 b/s, out 0 b/s,query 0 us
2016-03-07 02:32:17.598 25251 LOG Stats: 0 req/s, in 0 b/s, out 0 b/s,query 0 us
2016-03-07 02:33:17.599 25251 LOG Stats: 0 req/s, in 0 b/s, out 0 b/s,query 0 us
2016-03-07 02:34:17.599 25251 LOG Stats: 0 req/s, in 0 b/s, out 0 b/s,query 0 us
2016-03-07 02:35:17.600 25251 LOG Stats: 0 req/s, in 0 b/s, out 0 b/s,query 0 us
2016-03-07 02:36:17.600 25251 LOG Stats: 0 req/s, in 0 b/s, out 0 b/s,query 0 us
2016-03-07 02:37:17.601 25251 LOG Stats: 0 req/s, in 0 b/s, out 0 b/s,query 0 us
2016-03-07 02:38:17.601 25251 LOG Stats: 0 req/s, in 0 b/s, out 0 b/s,query 0 us
2016-03-07 02:39:17.601 25251 LOG Stats: 0 req/s, in 0 b/s, out 0 b/s,query 0 us
2016-03-07 02:40:17.602 25251 LOG Stats: 0 req/s, in 0 b/s, out 0 b/s,query 0 us
2016-03-07 02:41:17.603 25251 LOG Stats: 0 req/s, in 0 b/s, out 0 b/s,query 0 us
2016-03-07 02:42:17.603 25251 LOG Stats: 0 req/s, in 0 b/s, out 0 b/s,query 0 us
2016-03-07 02:43:17.603 25251 LOG Stats: 0 req/s, in 0 b/s, out 0 b/s,query 0 us
2016-03-07 02:44:17.604 25251 LOG Stats: 0 req/s, in 0 b/s, out 0 b/s,query 0 us
2016-03-07 02:45:17.605 25251 LOG Stats: 0 req/s, in 0 b/s, out 0 b/s,query 0 us
2016-03-07 02:46:17.606 25251 LOG Stats: 0 req/s, in 0 b/s, out 0 b/s,query 0 us
2016-03-07 02:47:17.606 25251 LOG Stats: 0 req/s, in 0 b/s, out 0 b/s,query 0 us
2016-03-07 02:48:17.607 25251 LOG Stats: 0 req/s, in 0 b/s, out 0 b/s,query 0 us
2016-03-07 02:49:17.607 25251 LOG Stats: 0 req/s, in 0 b/s, out 0 b/s,query 0 us
2016-03-07 02:50:17.607 25251 LOG Stats: 0 req/s, in 0 b/s, out 0 b/s,query 0 us
2016-03-07 02:51:17.608 25251 LOG Stats: 0 req/s, in 0 b/s, out 0 b/s,query 0 us
2016-03-07 02:52:17.609 25251 LOG Stats: 0 req/s, in 0 b/s, out 0 b/s,query 0 us
2016-03-07 02:53:17.611 25251 LOG Stats: 0 req/s, in 0 b/s, out 0 b/s,query 0 us
2016-03-07 02:54:17.612 25251 LOG Stats: 0 req/s, in 110 b/s, out 3799 b/s,query 92553 us
2016-03-07 02:55:17.612 25251 LOG Stats: 0 req/s, in 0 b/s, out 0 b/s,query 0 us
2016-03-07 02:56:17.613 25251 LOG Stats: 0 req/s, in 0 b/s, out 0 b/s,query 0 us
2016-03-07 02:57:17.614 25251 LOG Stats: 0 req/s, in 0 b/s, out 0 b/s,query 0 us
2016-03-07 02:58:17.615 25251 LOG Stats: 0 req/s, in 0 b/s, out 0 b/s,query 0 us
2016-03-07 02:59:17.616 25251 LOG Stats: 0 req/s, in 0 b/s, out 0 b/s,query 0 us
2016-03-07 03:00:17.616 25251 LOG Stats: 0 req/s, in 0 b/s, out 0 b/s,query 0 us
2016-03-07 03:01:17.617 25251 LOG Stats: 0 req/s, in 0 b/s, out 0 b/s,query 0 us
2016-03-07 03:02:17.617 25251 LOG Stats: 0 req/s, in 0 b/s, out 0 b/s,query 0 us
2016-03-07 03:03:17.618 25251 LOG Stats: 0 req/s, in 0 b/s, out 0 b/s,query 0 us
2016-03-07 03:04:17.619 25251 LOG Stats: 0 req/s, in 0 b/s, out 0 b/s,query 0 us
2016-03-07 03:05:17.619 25251 LOG Stats: 0 req/s, in 0 b/s, out 0 b/s,query 0 us
2016-03-07 03:06:17.620 25251 LOG Stats: 0 req/s, in 0 b/s, out 0 b/s,query 0 us
2016-03-07 03:07:17.621 25251 LOG Stats: 0 req/s, in 0 b/s, out 0 b/s,query 0 us
2016-03-07 03:08:17.621 25251 LOG Stats: 0 req/s, in 0 b/s, out 0 b/s,query 0 us
2016-03-07 03:09:17.622 25251 LOG Stats: 0 req/s, in 0 b/s, out 0 b/s,query 0 us
2016-03-07 03:10:17.623 25251 LOG Stats: 0 req/s, in 0 b/s, out 0 b/s,query 0 us
2016-03-07 03:11:17.623 25251 LOG Stats: 0 req/s, in 0 b/s, out 0 b/s,query 0 us
2016-03-07 03:12:17.624 25251 LOG Stats: 0 req/s, in 0 b/s, out 0 b/s,query 0 us
2016-03-07 03:13:17.625 25251 LOG Stats: 0 req/s, in 0 b/s, out 0 b/s,query 0 us
2016-03-07 03:14:17.625 25251 LOG Stats: 0 req/s, in 0 b/s, out 0 b/s,query 0 us
2016-03-07 03:15:17.626 25251 LOG Stats: 0 req/s, in 0 b/s, out 0 b/s,query 0 us
2016-03-07 03:16:17.627 25251 LOG Stats: 0 req/s, in 0 b/s, out 0 b/s,query 0 us
2016-03-07 03:17:17.628 25251 LOG Stats: 0 req/s, in 0 b/s, out 0 b/s,query 0 us
2016-03-07 03:18:17.628 25251 LOG Stats: 0 req/s, in 0 b/s, out 0 b/s,query 0 us
2016-03-07 03:19:17.629 25251 LOG Stats: 0 req/s, in 0 b/s, out 0 b/s,query 0 us
2016-03-07 03:20:17.630 25251 LOG Stats: 0 req/s, in 0 b/s, out 0 b/s,query 0 us
2016-03-07 03:21:17.630 25251 LOG Stats: 0 req/s, in 0 b/s, out 0 b/s,query 0 us
2016-03-07 03:22:17.631 25251 LOG Stats: 0 req/s, in 0 b/s, out 0 b/s,query 0 us
2016-03-07 03:23:17.632 25251 LOG Stats: 0 req/s, in 0 b/s, out 0 b/s,query 0 us
2016-03-07 03:24:17.632 25251 LOG Stats: 0 req/s, in 0 b/s, out 0 b/s,query 0 us
2016-03-07 03:25:17.633 25251 LOG Stats: 0 req/s, in 0 b/s, out 0 b/s,query 0 us
2016-03-07 03:26:17.633 25251 LOG Stats: 0 req/s, in 0 b/s, out 0 b/s,query 0 us
2016-03-07 03:27:17.634 25251 LOG Stats: 0 req/s, in 0 b/s, out 0 b/s,query 0 us
2016-03-07 03:28:17.635 25251 LOG Stats: 0 req/s, in 0 b/s, out 0 b/s,query 0 us
2016-03-07 03:29:17.636 25251 LOG Stats: 0 req/s, in 0 b/s, out 0 b/s,query 0 us
2016-03-07 03:30:17.637 25251 LOG Stats: 0 req/s, in 0 b/s, out 0 b/s,query 0 us
2016-03-07 03:31:17.638 25251 LOG Stats: 0 req/s, in 0 b/s, out 0 b/s,query 0 us
2016-03-07 03:32:17.638 25251 LOG Stats: 0 req/s, in 0 b/s, out 0 b/s,query 0 us
2016-03-07 03:33:17.639 25251 LOG Stats: 0 req/s, in 0 b/s, out 0 b/s,query 0 us
2016-03-07 03:34:17.640 25251 LOG Stats: 0 req/s, in 0 b/s, out 0 b/s,query 0 us
2016-03-07 03:35:17.640 25251 LOG Stats: 0 req/s, in 0 b/s, out 0 b/s,query 0 us
2016-03-07 03:36:17.640 25251 LOG Stats: 0 req/s, in 0 b/s, out 0 b/s,query 0 us
2016-03-07 03:37:17.641 25251 LOG Stats: 0 req/s, in 0 b/s, out 0 b/s,query 0 us
2016-03-07 03:38:17.642 25251 LOG Stats: 0 req/s, in 0 b/s, out 0 b/s,query 0 us
2016-03-07 03:39:17.643 25251 LOG Stats: 0 req/s, in 0 b/s, out 0 b/s,query 0 us
2016-03-07 03:40:17.644 25251 LOG Stats: 0 req/s, in 0 b/s, out 0 b/s,query 0 us
2016-03-07 03:41:17.645 25251 LOG Stats: 0 req/s, in 0 b/s, out 0 b/s,query 0 us
2016-03-07 03:42:17.645 25251 LOG Stats: 0 req/s, in 0 b/s, out 0 b/s,query 0 us
2016-03-07 03:43:17.646 25251 LOG Stats: 0 req/s, in 0 b/s, out 0 b/s,query 0 us
2016-03-07 03:44:17.647 25251 LOG Stats: 0 req/s, in 0 b/s, out 0 b/s,query 0 us
2016-03-07 03:45:17.647 25251 LOG Stats: 0 req/s, in 0 b/s, out 0 b/s,query 0 us
2016-03-07 03:46:17.648 25251 LOG Stats: 0 req/s, in 0 b/s, out 0 b/s,query 0 us
2016-03-07 03:47:17.648 25251 LOG Stats: 0 req/s, in 0 b/s, out 0 b/s,query 0 us
2016-03-07 03:48:17.648 25251 LOG Stats: 0 req/s, in 0 b/s, out 0 b/s,query 0 us
2016-03-07 03:49:17.649 25251 LOG Stats: 0 req/s, in 0 b/s, out 0 b/s,query 0 us
2016-03-07 03:50:17.650 25251 LOG Stats: 0 req/s, in 0 b/s, out 0 b/s,query 0 us
2016-03-07 03:51:17.651 25251 LOG Stats: 0 req/s, in 0 b/s, out 0 b/s,query 0 us
2016-03-07 03:52:17.652 25251 LOG Stats: 0 req/s, in 0 b/s, out 0 b/s,query 0 us
2016-03-07 03:53:17.653 25251 LOG Stats: 0 req/s, in 0 b/s, out 0 b/s,query 0 us
2016-03-07 03:54:17.654 25251 LOG Stats: 0 req/s, in 0 b/s, out 0 b/s,query 0 us
2016-03-07 03:55:17.654 25251 LOG Stats: 0 req/s, in 0 b/s, out 0 b/s,query 0 us
2016-03-07 03:56:17.654 25251 LOG Stats: 0 req/s, in 0 b/s, out 0 b/s,query 0 us
2016-03-07 03:57:17.655 25251 LOG Stats: 0 req/s, in 0 b/s, out 0 b/s,query 0 us
2016-03-07 03:58:17.656 25251 LOG Stats: 0 req/s, in 0 b/s, out 0 b/s,query 0 us
2016-03-07 03:59:17.657 25251 LOG Stats: 0 req/s, in 0 b/s, out 0 b/s,query 0 us
2016-03-07 04:00:17.658 25251 LOG Stats: 0 req/s, in 0 b/s, out 0 b/s,query 0 us
2016-03-07 04:01:17.659 25251 LOG Stats: 0 req/s, in 0 b/s, out 0 b/s,query 0 us
2016-03-07 04:02:17.660 25251 LOG Stats: 0 req/s, in 0 b/s, out 0 b/s,query 0 us
2016-03-07 04:03:17.660 25251 LOG Stats: 0 req/s, in 0 b/s, out 0 b/s,query 0 us
2016-03-07 04:04:17.661 25251 LOG Stats: 0 req/s, in 0 b/s, out 0 b/s,query 0 us
2016-03-07 04:05:17.662 25251 LOG Stats: 0 req/s, in 0 b/s, out 0 b/s,query 0 us
2016-03-07 04:06:17.663 25251 LOG Stats: 0 req/s, in 0 b/s, out 0 b/s,query 0 us
2016-03-07 04:07:17.664 25251 LOG Stats: 0 req/s, in 0 b/s, out 0 b/s,query 0 us
2016-03-07 04:08:17.664 25251 LOG Stats: 0 req/s, in 0 b/s, out 0 b/s,query 0 us
2016-03-07 04:09:17.665 25251 LOG Stats: 0 req/s, in 0 b/s, out 0 b/s,query 0 us
2016-03-07 04:10:17.666 25251 LOG Stats: 0 req/s, in 0 b/s, out 0 b/s,query 0 us
2016-03-07 04:11:17.666 25251 LOG Stats: 0 req/s, in 0 b/s, out 0 b/s,query 0 us
2016-03-07 04:12:17.668 25251 LOG Stats: 0 req/s, in 0 b/s, out 0 b/s,query 0 us
2016-03-07 04:13:17.669 25251 LOG Stats: 0 req/s, in 0 b/s, out 0 b/s,query 0 us
2016-03-07 04:14:17.669 25251 LOG Stats: 0 req/s, in 0 b/s, out 0 b/s,query 0 us
2016-03-07 04:15:17.669 25251 LOG Stats: 0 req/s, in 0 b/s, out 0 b/s,query 0 us
2016-03-07 04:16:17.670 25251 LOG Stats: 0 req/s, in 0 b/s, out 0 b/s,query 0 us
2016-03-07 04:17:17.670 25251 LOG Stats: 0 req/s, in 0 b/s, out 0 b/s,query 0 us
2016-03-07 04:18:17.670 25251 LOG Stats: 0 req/s, in 0 b/s, out 0 b/s,query 0 us
2016-03-07 04:19:17.671 25251 LOG Stats: 0 req/s, in 0 b/s, out 0 b/s,query 0 us
2016-03-07 04:20:17.672 25251 LOG Stats: 0 req/s, in 0 b/s, out 0 b/s,query 0 us
2016-03-07 04:21:17.672 25251 LOG Stats: 0 req/s, in 0 b/s, out 0 b/s,query 0 us
2016-03-07 04:22:17.673 25251 LOG Stats: 0 req/s, in 0 b/s, out 0 b/s,query 0 us
2016-03-07 04:23:17.673 25251 LOG Stats: 0 req/s, in 0 b/s, out 0 b/s,query 0 us
2016-03-07 04:24:17.673 25251 LOG Stats: 0 req/s, in 0 b/s, out 0 b/s,query 0 us
2016-03-07 04:25:17.674 25251 LOG Stats: 0 req/s, in 0 b/s, out 0 b/s,query 0 us
2016-03-07 04:26:17.675 25251 LOG Stats: 0 req/s, in 0 b/s, out 0 b/s,query 0 us
2016-03-07 04:27:17.675 25251 LOG Stats: 0 req/s, in 0 b/s, out 0 b/s,query 0 us
2016-03-07 04:28:17.676 25251 LOG Stats: 0 req/s, in 0 b/s, out 0 b/s,query 0 us
2016-03-07 04:29:17.676 25251 LOG Stats: 0 req/s, in 0 b/s, out 0 b/s,query 0 us
2016-03-07 04:30:17.677 25251 LOG Stats: 0 req/s, in 0 b/s, out 0 b/s,query 0 us
2016-03-07 04:31:17.678 25251 LOG Stats: 0 req/s, in 0 b/s, out 0 b/s,query 0 us
2016-03-07 04:32:17.679 25251 LOG Stats: 0 req/s, in 0 b/s, out 0 b/s,query 0 us
2016-03-07 04:33:17.679 25251 LOG Stats: 0 req/s, in 0 b/s, out 0 b/s,query 0 us
2016-03-07 04:34:17.680 25251 LOG Stats: 0 req/s, in 0 b/s, out 0 b/s,query 0 us
2016-03-07 04:35:17.681 25251 LOG Stats: 0 req/s, in 0 b/s, out 0 b/s,query 0 us
2016-03-07 04:36:17.682 25251 LOG Stats: 0 req/s, in 0 b/s, out 0 b/s,query 0 us
2016-03-07 04:37:17.682 25251 LOG Stats: 0 req/s, in 0 b/s, out 0 b/s,query 0 us
2016-03-07 04:38:17.683 25251 LOG Stats: 0 req/s, in 0 b/s, out 0 b/s,query 0 us
2016-03-07 04:39:17.683 25251 LOG Stats: 0 req/s, in 0 b/s, out 0 b/s,query 0 us
2016-03-07 04:40:17.684 25251 LOG Stats: 0 req/s, in 0 b/s, out 0 b/s,query 0 us
2016-03-07 04:41:17.685 25251 LOG Stats: 0 req/s, in 0 b/s, out 0 b/s,query 0 us
2016-03-07 04:42:17.686 25251 LOG Stats: 0 req/s, in 0 b/s, out 0 b/s,query 0 us
2016-03-07 04:43:17.687 25251 LOG Stats: 0 req/s, in 0 b/s, out 0 b/s,query 0 us
2016-03-07 04:44:17.688 25251 LOG Stats: 0 req/s, in 0 b/s, out 0 b/s,query 0 us
2016-03-07 04:45:17.688 25251 LOG Stats: 0 req/s, in 0 b/s, out 0 b/s,query 0 us
2016-03-07 04:46:17.689 25251 LOG Stats: 0 req/s, in 0 b/s, out 0 b/s,query 0 us
2016-03-07 04:47:17.691 25251 LOG Stats: 0 req/s, in 0 b/s, out 0 b/s,query 0 us
2016-03-07 04:48:17.692 25251 LOG Stats: 0 req/s, in 0 b/s, out 0 b/s,query 0 us
2016-03-07 04:49:17.692 25251 LOG Stats: 0 req/s, in 0 b/s, out 0 b/s,query 0 us
2016-03-07 04:50:17.693 25251 LOG Stats: 0 req/s, in 0 b/s, out 0 b/s,query 0 us
2016-03-07 04:51:17.693 25251 LOG Stats: 0 req/s, in 0 b/s, out 0 b/s,query 0 us
2016-03-07 04:52:17.694 25251 LOG Stats: 0 req/s, in 0 b/s, out 0 b/s,query 0 us
2016-03-07 04:53:17.695 25251 LOG Stats: 0 req/s, in 0 b/s, out 0 b/s,query 0 us
2016-03-07 04:54:17.696 25251 LOG Stats: 0 req/s, in 0 b/s, out 0 b/s,query 0 us
2016-03-07 04:55:17.697 25251 LOG Stats: 0 req/s, in 0 b/s, out 0 b/s,query 0 us
2016-03-07 04:56:17.698 25251 LOG Stats: 0 req/s, in 0 b/s, out 0 b/s,query 0 us
2016-03-07 04:57:17.699 25251 LOG Stats: 0 req/s, in 0 b/s, out 0 b/s,query 0 us
2016-03-07 04:58:17.700 25251 LOG Stats: 0 req/s, in 0 b/s, out 0 b/s,query 0 us
2016-03-07 04:59:17.700 25251 LOG Stats: 0 req/s, in 0 b/s, out 0 b/s,query 0 us
2016-03-07 05:00:17.701 25251 LOG Stats: 0 req/s, in 0 b/s, out 0 b/s,query 0 us
2016-03-07 05:01:17.702 25251 LOG Stats: 0 req/s, in 0 b/s, out 0 b/s,query 0 us
2016-03-07 05:02:17.702 25251 LOG Stats: 0 req/s, in 0 b/s, out 0 b/s,query 0 us
2016-03-07 05:03:17.703 25251 LOG Stats: 0 req/s, in 0 b/s, out 0 b/s,query 0 us
2016-03-07 05:04:17.703 25251 LOG Stats: 0 req/s, in 0 b/s, out 0 b/s,query 0 us
2016-03-07 05:05:17.704 25251 LOG Stats: 0 req/s, in 0 b/s, out 0 b/s,query 0 us
2016-03-07 05:06:17.705 25251 LOG Stats: 0 req/s, in 0 b/s, out 0 b/s,query 0 us
2016-03-07 05:07:17.706 25251 LOG Stats: 0 req/s, in 0 b/s, out 0 b/s,query 0 us
2016-03-07 05:08:17.707 25251 LOG Stats: 0 req/s, in 0 b/s, out 0 b/s,query 0 us
2016-03-07 05:09:17.707 25251 LOG Stats: 0 req/s, in 0 b/s, out 0 b/s,query 0 us
2016-03-07 05:10:17.707 25251 LOG Stats: 0 req/s, in 0 b/s, out 0 b/s,query 0 us
2016-03-07 05:11:17.708 25251 LOG Stats: 0 req/s, in 0 b/s, out 0 b/s,query 0 us
2016-03-07 05:12:17.709 25251 LOG Stats: 0 req/s, in 0 b/s, out 0 b/s,query 0 us
2016-03-07 05:13:17.709 25251 LOG Stats: 0 req/s, in 0 b/s, out 0 b/s,query 0 us
2016-03-07 05:14:17.710 25251 LOG Stats: 0 req/s, in 0 b/s, out 0 b/s,query 0 us
2016-03-07 05:15:17.710 25251 LOG Stats: 0 req/s, in 0 b/s, out 0 b/s,query 0 us
2016-03-07 05:16:17.711 25251 LOG Stats: 0 req/s, in 0 b/s, out 0 b/s,query 0 us
2016-03-07 05:17:17.712 25251 LOG Stats: 0 req/s, in 0 b/s, out 0 b/s,query 0 us
2016-03-07 05:18:17.713 25251 LOG Stats: 0 req/s, in 0 b/s, out 0 b/s,query 0 us
2016-03-07 05:19:17.714 25251 LOG Stats: 0 req/s, in 0 b/s, out 0 b/s,query 0 us
2016-03-07 05:20:17.714 25251 LOG Stats: 0 req/s, in 0 b/s, out 0 b/s,query 0 us
2016-03-07 05:21:17.715 25251 LOG Stats: 0 req/s, in 0 b/s, out 0 b/s,query 0 us
2016-03-07 05:22:17.716 25251 LOG Stats: 0 req/s, in 0 b/s, out 0 b/s,query 0 us
2016-03-07 05:23:17.716 25251 LOG Stats: 0 req/s, in 0 b/s, out 0 b/s,query 0 us
2016-03-07 05:24:17.717 25251 LOG Stats: 0 req/s, in 0 b/s, out 0 b/s,query 0 us
2016-03-07 05:25:17.717 25251 LOG Stats: 0 req/s, in 0 b/s, out 0 b/s,query 0 us
2016-03-07 05:26:17.718 25251 LOG Stats: 0 req/s, in 0 b/s, out 0 b/s,query 0 us
2016-03-07 05:27:17.719 25251 LOG Stats: 0 req/s, in 0 b/s, out 0 b/s,query 0 us
2016-03-07 05:28:17.719 25251 LOG Stats: 0 req/s, in 0 b/s, out 0 b/s,query 0 us
2016-03-07 05:29:17.721 25251 LOG Stats: 0 req/s, in 0 b/s, out 0 b/s,query 0 us
2016-03-07 05:30:17.721 25251 LOG Stats: 0 req/s, in 0 b/s, out 0 b/s,query 0 us
2016-03-07 05:31:17.722 25251 LOG Stats: 0 req/s, in 0 b/s, out 0 b/s,query 0 us
2016-03-07 05:32:17.722 25251 LOG Stats: 0 req/s, in 0 b/s, out 0 b/s,query 0 us
2016-03-07 05:33:17.723 25251 LOG Stats: 0 req/s, in 0 b/s, out 0 b/s,query 0 us
